<?xml version="1.0" encoding="utf-8"?><testsuites><testsuite name="pytest" errors="0" failures="0" skipped="0" tests="3" time="0.418" timestamp="2024-07-01T12:38:52.911294" hostname="antoronson-VirtualBox"><testcase classname="examples_rclpy_executors.executors.test.test_copyright" name="test_copyright" time="0.185" /><testcase classname="examples_rclpy_executors.executors.test.test_flake8" name="test_flake8" time="0.114" /><testcase classname="examples_rclpy_executors.executors.test.test_pep257" name="test_pep257" time="0.024" /></testsuite></testsuites>