<?xml version="1.0" encoding="utf-8"?><testsuites><testsuite name="pytest" errors="0" failures="1" skipped="0" tests="9" time="16.451" timestamp="2024-07-01T12:38:59.773980" hostname="antoronson-VirtualBox"><testcase classname="launch_testing_examples.launch_testing_examples.check_msgs_launch_test" name="launch_testing_examples.check_msgs_launch_test" time="2.251" /><testcase classname="launch_testing_examples.launch_testing_examples.check_multiple_nodes_launch_test" name="launch_testing_examples.check_multiple_nodes_launch_test" time="4.689" /><testcase classname="launch_testing_examples.launch_testing_examples.check_node_launch_test" name="launch_testing_examples.check_node_launch_test" time="5.144" /><testcase classname="launch_testing_examples.launch_testing_examples.hello_world_launch_test" name="launch_testing_examples.hello_world_launch_test" time="0.005"><failure message="launch_testing_examples.hello_world_launch_test.TestHelloWorldShutdown.test_exit_codes failed">
=============================================================================================================================================================================================================
FAIL: launch_testing_examples.hello_world_launch_test.TestHelloWorldShutdown.test_exit_codes
-------------------------------------------------------------------------------------------------------------------------------------------------------------------------------------------------------------
Traceback (most recent call last):
  File "/home/antoronson/GitTrade/GazeboTutorials/ROS2_Tutorials/ros2_ws/src/examples/launch_testing/launch_testing_examples/launch_testing_examples/hello_world_launch_test.py", line 58, in test_exit_codes
    launch_testing.asserts.assertExitCodes(proc_info)
  File "/opt/ros/humble/lib/python3.10/site-packages/launch_testing/asserts/assert_exit_codes.py", line 62, in assertExitCodes
    assert info.returncode in allowable_exit_codes, 'Proc {} exited with code {}'.format(
AssertionError: Proc echo-6 exited with code 255
</failure></testcase><testcase classname="launch_testing_examples.launch_testing_examples.record_rosbag_launch_test" name="launch_testing_examples.record_rosbag_launch_test" time="3.239" /><testcase classname="launch_testing_examples.launch_testing_examples.set_param_launch_test" name="launch_testing_examples.set_param_launch_test" time="0.473" /><testcase classname="launch_testing_examples.test.test_copyright" name="test_copyright" time="0.229" /><testcase classname="launch_testing_examples.test.test_flake8" name="test_flake8" time="0.104" /><testcase classname="launch_testing_examples.test.test_pep257" name="test_pep257" time="0.028" /></testsuite></testsuites>